  [1m[35m (1443.6ms)[0m  [1m[35mCREATE DATABASE "template_development" ENCODING = 'unicode'[0m
  ↳ bin/rails:9
  [1m[35m (850.7ms)[0m  [1m[35mCREATE DATABASE "template_test" ENCODING = 'unicode'[0m
  ↳ bin/rails:9
Started GET "/" for 127.0.0.1 at 2019-03-22 16:43:46 -0300
Processing by MainController#index as HTML
  Rendering main/index.html.erb within layouts/application
  Rendered main/index.html.erb within layouts/application (14812.4ms)
Completed 200 OK in 15100ms (Views: 15094.5ms | ActiveRecord: 0.0ms)


Started GET "/img/header-bg.jpg" for 127.0.0.1 at 2019-03-22 16:44:02 -0300
  
ActionController::RoutingError (No route matches [GET] "/img/header-bg.jpg"):
  
actionpack (5.2.1) lib/action_dispatch/middleware/debug_exceptions.rb:65:in `call'
web-console (3.7.0) lib/web_console/middleware.rb:135:in `call_app'
web-console (3.7.0) lib/web_console/middleware.rb:30:in `block in call'
web-console (3.7.0) lib/web_console/middleware.rb:20:in `catch'
web-console (3.7.0) lib/web_console/middleware.rb:20:in `call'
actionpack (5.2.1) lib/action_dispatch/middleware/show_exceptions.rb:33:in `call'
railties (5.2.1) lib/rails/rack/logger.rb:38:in `call_app'
railties (5.2.1) lib/rails/rack/logger.rb:26:in `block in call'
activesupport (5.2.1) lib/active_support/tagged_logging.rb:71:in `block in tagged'
activesupport (5.2.1) lib/active_support/tagged_logging.rb:28:in `tagged'
activesupport (5.2.1) lib/active_support/tagged_logging.rb:71:in `tagged'
railties (5.2.1) lib/rails/rack/logger.rb:26:in `call'
sprockets-rails (3.2.1) lib/sprockets/rails/quiet_assets.rb:13:in `call'
actionpack (5.2.1) lib/action_dispatch/middleware/remote_ip.rb:81:in `call'
actionpack (5.2.1) lib/action_dispatch/middleware/request_id.rb:27:in `call'
rack (2.0.5) lib/rack/method_override.rb:22:in `call'
rack (2.0.5) lib/rack/runtime.rb:22:in `call'
activesupport (5.2.1) lib/active_support/cache/strategy/local_cache_middleware.rb:29:in `call'
actionpack (5.2.1) lib/action_dispatch/middleware/executor.rb:14:in `call'
actionpack (5.2.1) lib/action_dispatch/middleware/static.rb:127:in `call'
rack (2.0.5) lib/rack/sendfile.rb:111:in `call'
railties (5.2.1) lib/rails/engine.rb:524:in `call'
puma (3.12.0) lib/puma/configuration.rb:225:in `call'
puma (3.12.0) lib/puma/server.rb:658:in `handle_request'
puma (3.12.0) lib/puma/server.rb:472:in `process_client'
puma (3.12.0) lib/puma/server.rb:332:in `block in run'
puma (3.12.0) lib/puma/thread_pool.rb:133:in `block in spawn_thread'
Started GET "/single.html" for 127.0.0.1 at 2019-03-22 16:44:45 -0300
  
ActionController::RoutingError (No route matches [GET] "/single.html"):
  
actionpack (5.2.1) lib/action_dispatch/middleware/debug_exceptions.rb:65:in `call'
web-console (3.7.0) lib/web_console/middleware.rb:135:in `call_app'
web-console (3.7.0) lib/web_console/middleware.rb:30:in `block in call'
web-console (3.7.0) lib/web_console/middleware.rb:20:in `catch'
web-console (3.7.0) lib/web_console/middleware.rb:20:in `call'
actionpack (5.2.1) lib/action_dispatch/middleware/show_exceptions.rb:33:in `call'
railties (5.2.1) lib/rails/rack/logger.rb:38:in `call_app'
railties (5.2.1) lib/rails/rack/logger.rb:26:in `block in call'
activesupport (5.2.1) lib/active_support/tagged_logging.rb:71:in `block in tagged'
activesupport (5.2.1) lib/active_support/tagged_logging.rb:28:in `tagged'
activesupport (5.2.1) lib/active_support/tagged_logging.rb:71:in `tagged'
railties (5.2.1) lib/rails/rack/logger.rb:26:in `call'
sprockets-rails (3.2.1) lib/sprockets/rails/quiet_assets.rb:13:in `call'
actionpack (5.2.1) lib/action_dispatch/middleware/remote_ip.rb:81:in `call'
actionpack (5.2.1) lib/action_dispatch/middleware/request_id.rb:27:in `call'
rack (2.0.5) lib/rack/method_override.rb:22:in `call'
rack (2.0.5) lib/rack/runtime.rb:22:in `call'
activesupport (5.2.1) lib/active_support/cache/strategy/local_cache_middleware.rb:29:in `call'
actionpack (5.2.1) lib/action_dispatch/middleware/executor.rb:14:in `call'
actionpack (5.2.1) lib/action_dispatch/middleware/static.rb:127:in `call'
rack (2.0.5) lib/rack/sendfile.rb:111:in `call'
railties (5.2.1) lib/rails/engine.rb:524:in `call'
puma (3.12.0) lib/puma/configuration.rb:225:in `call'
puma (3.12.0) lib/puma/server.rb:658:in `handle_request'
puma (3.12.0) lib/puma/server.rb:472:in `process_client'
puma (3.12.0) lib/puma/server.rb:332:in `block in run'
puma (3.12.0) lib/puma/thread_pool.rb:133:in `block in spawn_thread'
Started GET "/img/header-bg.jpg" for 127.0.0.1 at 2019-03-22 16:44:45 -0300
  
ActionController::RoutingError (No route matches [GET] "/img/header-bg.jpg"):
  
actionpack (5.2.1) lib/action_dispatch/middleware/debug_exceptions.rb:65:in `call'
web-console (3.7.0) lib/web_console/middleware.rb:135:in `call_app'
web-console (3.7.0) lib/web_console/middleware.rb:30:in `block in call'
web-console (3.7.0) lib/web_console/middleware.rb:20:in `catch'
web-console (3.7.0) lib/web_console/middleware.rb:20:in `call'
actionpack (5.2.1) lib/action_dispatch/middleware/show_exceptions.rb:33:in `call'
railties (5.2.1) lib/rails/rack/logger.rb:38:in `call_app'
railties (5.2.1) lib/rails/rack/logger.rb:26:in `block in call'
activesupport (5.2.1) lib/active_support/tagged_logging.rb:71:in `block in tagged'
activesupport (5.2.1) lib/active_support/tagged_logging.rb:28:in `tagged'
activesupport (5.2.1) lib/active_support/tagged_logging.rb:71:in `tagged'
railties (5.2.1) lib/rails/rack/logger.rb:26:in `call'
sprockets-rails (3.2.1) lib/sprockets/rails/quiet_assets.rb:13:in `call'
actionpack (5.2.1) lib/action_dispatch/middleware/remote_ip.rb:81:in `call'
actionpack (5.2.1) lib/action_dispatch/middleware/request_id.rb:27:in `call'
rack (2.0.5) lib/rack/method_override.rb:22:in `call'
rack (2.0.5) lib/rack/runtime.rb:22:in `call'
activesupport (5.2.1) lib/active_support/cache/strategy/local_cache_middleware.rb:29:in `call'
actionpack (5.2.1) lib/action_dispatch/middleware/executor.rb:14:in `call'
actionpack (5.2.1) lib/action_dispatch/middleware/static.rb:127:in `call'
rack (2.0.5) lib/rack/sendfile.rb:111:in `call'
railties (5.2.1) lib/rails/engine.rb:524:in `call'
puma (3.12.0) lib/puma/configuration.rb:225:in `call'
puma (3.12.0) lib/puma/server.rb:658:in `handle_request'
puma (3.12.0) lib/puma/server.rb:472:in `process_client'
puma (3.12.0) lib/puma/server.rb:332:in `block in run'
puma (3.12.0) lib/puma/thread_pool.rb:133:in `block in spawn_thread'
Started GET "/img/header-bg.jpg" for 127.0.0.1 at 2019-03-22 16:44:48 -0300
  
ActionController::RoutingError (No route matches [GET] "/img/header-bg.jpg"):
  
actionpack (5.2.1) lib/action_dispatch/middleware/debug_exceptions.rb:65:in `call'
web-console (3.7.0) lib/web_console/middleware.rb:135:in `call_app'
web-console (3.7.0) lib/web_console/middleware.rb:30:in `block in call'
web-console (3.7.0) lib/web_console/middleware.rb:20:in `catch'
web-console (3.7.0) lib/web_console/middleware.rb:20:in `call'
actionpack (5.2.1) lib/action_dispatch/middleware/show_exceptions.rb:33:in `call'
railties (5.2.1) lib/rails/rack/logger.rb:38:in `call_app'
railties (5.2.1) lib/rails/rack/logger.rb:26:in `block in call'
activesupport (5.2.1) lib/active_support/tagged_logging.rb:71:in `block in tagged'
activesupport (5.2.1) lib/active_support/tagged_logging.rb:28:in `tagged'
activesupport (5.2.1) lib/active_support/tagged_logging.rb:71:in `tagged'
railties (5.2.1) lib/rails/rack/logger.rb:26:in `call'
sprockets-rails (3.2.1) lib/sprockets/rails/quiet_assets.rb:13:in `call'
actionpack (5.2.1) lib/action_dispatch/middleware/remote_ip.rb:81:in `call'
actionpack (5.2.1) lib/action_dispatch/middleware/request_id.rb:27:in `call'
rack (2.0.5) lib/rack/method_override.rb:22:in `call'
rack (2.0.5) lib/rack/runtime.rb:22:in `call'
activesupport (5.2.1) lib/active_support/cache/strategy/local_cache_middleware.rb:29:in `call'
actionpack (5.2.1) lib/action_dispatch/middleware/executor.rb:14:in `call'
actionpack (5.2.1) lib/action_dispatch/middleware/static.rb:127:in `call'
rack (2.0.5) lib/rack/sendfile.rb:111:in `call'
railties (5.2.1) lib/rails/engine.rb:524:in `call'
puma (3.12.0) lib/puma/configuration.rb:225:in `call'
puma (3.12.0) lib/puma/server.rb:658:in `handle_request'
puma (3.12.0) lib/puma/server.rb:472:in `process_client'
puma (3.12.0) lib/puma/server.rb:332:in `block in run'
puma (3.12.0) lib/puma/thread_pool.rb:133:in `block in spawn_thread'
Started GET "/" for 127.0.0.1 at 2019-03-22 16:44:48 -0300
Processing by MainController#index as HTML
  Rendering main/index.html.erb within layouts/application
  Rendered main/index.html.erb within layouts/application (75.8ms)
Completed 200 OK in 185ms (Views: 177.5ms | ActiveRecord: 0.0ms)


Started GET "/img/header-bg.jpg" for 127.0.0.1 at 2019-03-22 16:44:48 -0300
  
ActionController::RoutingError (No route matches [GET] "/img/header-bg.jpg"):
  
actionpack (5.2.1) lib/action_dispatch/middleware/debug_exceptions.rb:65:in `call'
web-console (3.7.0) lib/web_console/middleware.rb:135:in `call_app'
web-console (3.7.0) lib/web_console/middleware.rb:30:in `block in call'
web-console (3.7.0) lib/web_console/middleware.rb:20:in `catch'
web-console (3.7.0) lib/web_console/middleware.rb:20:in `call'
actionpack (5.2.1) lib/action_dispatch/middleware/show_exceptions.rb:33:in `call'
railties (5.2.1) lib/rails/rack/logger.rb:38:in `call_app'
railties (5.2.1) lib/rails/rack/logger.rb:26:in `block in call'
activesupport (5.2.1) lib/active_support/tagged_logging.rb:71:in `block in tagged'
activesupport (5.2.1) lib/active_support/tagged_logging.rb:28:in `tagged'
activesupport (5.2.1) lib/active_support/tagged_logging.rb:71:in `tagged'
railties (5.2.1) lib/rails/rack/logger.rb:26:in `call'
sprockets-rails (3.2.1) lib/sprockets/rails/quiet_assets.rb:13:in `call'
actionpack (5.2.1) lib/action_dispatch/middleware/remote_ip.rb:81:in `call'
actionpack (5.2.1) lib/action_dispatch/middleware/request_id.rb:27:in `call'
rack (2.0.5) lib/rack/method_override.rb:22:in `call'
rack (2.0.5) lib/rack/runtime.rb:22:in `call'
activesupport (5.2.1) lib/active_support/cache/strategy/local_cache_middleware.rb:29:in `call'
actionpack (5.2.1) lib/action_dispatch/middleware/executor.rb:14:in `call'
actionpack (5.2.1) lib/action_dispatch/middleware/static.rb:127:in `call'
rack (2.0.5) lib/rack/sendfile.rb:111:in `call'
railties (5.2.1) lib/rails/engine.rb:524:in `call'
puma (3.12.0) lib/puma/configuration.rb:225:in `call'
puma (3.12.0) lib/puma/server.rb:658:in `handle_request'
puma (3.12.0) lib/puma/server.rb:472:in `process_client'
puma (3.12.0) lib/puma/server.rb:332:in `block in run'
puma (3.12.0) lib/puma/thread_pool.rb:133:in `block in spawn_thread'
Started GET "/single.html" for 127.0.0.1 at 2019-03-22 16:45:07 -0300
  
ActionController::RoutingError (No route matches [GET] "/single.html"):
  
actionpack (5.2.1) lib/action_dispatch/middleware/debug_exceptions.rb:65:in `call'
web-console (3.7.0) lib/web_console/middleware.rb:135:in `call_app'
web-console (3.7.0) lib/web_console/middleware.rb:30:in `block in call'
web-console (3.7.0) lib/web_console/middleware.rb:20:in `catch'
web-console (3.7.0) lib/web_console/middleware.rb:20:in `call'
actionpack (5.2.1) lib/action_dispatch/middleware/show_exceptions.rb:33:in `call'
railties (5.2.1) lib/rails/rack/logger.rb:38:in `call_app'
railties (5.2.1) lib/rails/rack/logger.rb:26:in `block in call'
activesupport (5.2.1) lib/active_support/tagged_logging.rb:71:in `block in tagged'
activesupport (5.2.1) lib/active_support/tagged_logging.rb:28:in `tagged'
activesupport (5.2.1) lib/active_support/tagged_logging.rb:71:in `tagged'
railties (5.2.1) lib/rails/rack/logger.rb:26:in `call'
sprockets-rails (3.2.1) lib/sprockets/rails/quiet_assets.rb:13:in `call'
actionpack (5.2.1) lib/action_dispatch/middleware/remote_ip.rb:81:in `call'
actionpack (5.2.1) lib/action_dispatch/middleware/request_id.rb:27:in `call'
rack (2.0.5) lib/rack/method_override.rb:22:in `call'
rack (2.0.5) lib/rack/runtime.rb:22:in `call'
activesupport (5.2.1) lib/active_support/cache/strategy/local_cache_middleware.rb:29:in `call'
actionpack (5.2.1) lib/action_dispatch/middleware/executor.rb:14:in `call'
actionpack (5.2.1) lib/action_dispatch/middleware/static.rb:127:in `call'
rack (2.0.5) lib/rack/sendfile.rb:111:in `call'
railties (5.2.1) lib/rails/engine.rb:524:in `call'
puma (3.12.0) lib/puma/configuration.rb:225:in `call'
puma (3.12.0) lib/puma/server.rb:658:in `handle_request'
puma (3.12.0) lib/puma/server.rb:472:in `process_client'
puma (3.12.0) lib/puma/server.rb:332:in `block in run'
puma (3.12.0) lib/puma/thread_pool.rb:133:in `block in spawn_thread'
Started GET "/img/header-bg.jpg" for 127.0.0.1 at 2019-03-22 16:45:07 -0300
  
ActionController::RoutingError (No route matches [GET] "/img/header-bg.jpg"):
  
actionpack (5.2.1) lib/action_dispatch/middleware/debug_exceptions.rb:65:in `call'
web-console (3.7.0) lib/web_console/middleware.rb:135:in `call_app'
web-console (3.7.0) lib/web_console/middleware.rb:30:in `block in call'
web-console (3.7.0) lib/web_console/middleware.rb:20:in `catch'
web-console (3.7.0) lib/web_console/middleware.rb:20:in `call'
actionpack (5.2.1) lib/action_dispatch/middleware/show_exceptions.rb:33:in `call'
railties (5.2.1) lib/rails/rack/logger.rb:38:in `call_app'
railties (5.2.1) lib/rails/rack/logger.rb:26:in `block in call'
activesupport (5.2.1) lib/active_support/tagged_logging.rb:71:in `block in tagged'
activesupport (5.2.1) lib/active_support/tagged_logging.rb:28:in `tagged'
activesupport (5.2.1) lib/active_support/tagged_logging.rb:71:in `tagged'
railties (5.2.1) lib/rails/rack/logger.rb:26:in `call'
sprockets-rails (3.2.1) lib/sprockets/rails/quiet_assets.rb:13:in `call'
actionpack (5.2.1) lib/action_dispatch/middleware/remote_ip.rb:81:in `call'
actionpack (5.2.1) lib/action_dispatch/middleware/request_id.rb:27:in `call'
rack (2.0.5) lib/rack/method_override.rb:22:in `call'
rack (2.0.5) lib/rack/runtime.rb:22:in `call'
activesupport (5.2.1) lib/active_support/cache/strategy/local_cache_middleware.rb:29:in `call'
actionpack (5.2.1) lib/action_dispatch/middleware/executor.rb:14:in `call'
actionpack (5.2.1) lib/action_dispatch/middleware/static.rb:127:in `call'
rack (2.0.5) lib/rack/sendfile.rb:111:in `call'
railties (5.2.1) lib/rails/engine.rb:524:in `call'
puma (3.12.0) lib/puma/configuration.rb:225:in `call'
puma (3.12.0) lib/puma/server.rb:658:in `handle_request'
puma (3.12.0) lib/puma/server.rb:472:in `process_client'
puma (3.12.0) lib/puma/server.rb:332:in `block in run'
puma (3.12.0) lib/puma/thread_pool.rb:133:in `block in spawn_thread'
Started GET "/img/header-bg.jpg" for 127.0.0.1 at 2019-03-22 16:45:09 -0300
  
ActionController::RoutingError (No route matches [GET] "/img/header-bg.jpg"):
  
actionpack (5.2.1) lib/action_dispatch/middleware/debug_exceptions.rb:65:in `call'
web-console (3.7.0) lib/web_console/middleware.rb:135:in `call_app'
web-console (3.7.0) lib/web_console/middleware.rb:30:in `block in call'
web-console (3.7.0) lib/web_console/middleware.rb:20:in `catch'
web-console (3.7.0) lib/web_console/middleware.rb:20:in `call'
actionpack (5.2.1) lib/action_dispatch/middleware/show_exceptions.rb:33:in `call'
railties (5.2.1) lib/rails/rack/logger.rb:38:in `call_app'
railties (5.2.1) lib/rails/rack/logger.rb:26:in `block in call'
activesupport (5.2.1) lib/active_support/tagged_logging.rb:71:in `block in tagged'
activesupport (5.2.1) lib/active_support/tagged_logging.rb:28:in `tagged'
activesupport (5.2.1) lib/active_support/tagged_logging.rb:71:in `tagged'
railties (5.2.1) lib/rails/rack/logger.rb:26:in `call'
sprockets-rails (3.2.1) lib/sprockets/rails/quiet_assets.rb:13:in `call'
actionpack (5.2.1) lib/action_dispatch/middleware/remote_ip.rb:81:in `call'
actionpack (5.2.1) lib/action_dispatch/middleware/request_id.rb:27:in `call'
rack (2.0.5) lib/rack/method_override.rb:22:in `call'
rack (2.0.5) lib/rack/runtime.rb:22:in `call'
activesupport (5.2.1) lib/active_support/cache/strategy/local_cache_middleware.rb:29:in `call'
actionpack (5.2.1) lib/action_dispatch/middleware/executor.rb:14:in `call'
actionpack (5.2.1) lib/action_dispatch/middleware/static.rb:127:in `call'
rack (2.0.5) lib/rack/sendfile.rb:111:in `call'
railties (5.2.1) lib/rails/engine.rb:524:in `call'
puma (3.12.0) lib/puma/configuration.rb:225:in `call'
puma (3.12.0) lib/puma/server.rb:658:in `handle_request'
puma (3.12.0) lib/puma/server.rb:472:in `process_client'
puma (3.12.0) lib/puma/server.rb:332:in `block in run'
puma (3.12.0) lib/puma/thread_pool.rb:133:in `block in spawn_thread'
Started GET "/" for 127.0.0.1 at 2019-03-22 16:45:10 -0300
Processing by MainController#index as HTML
  Rendering main/index.html.erb within layouts/application
  Rendered main/index.html.erb within layouts/application (118.1ms)
Completed 200 OK in 210ms (Views: 207.8ms | ActiveRecord: 0.0ms)


Started GET "/img/header-bg.jpg" for 127.0.0.1 at 2019-03-22 16:45:10 -0300
  
ActionController::RoutingError (No route matches [GET] "/img/header-bg.jpg"):
  
actionpack (5.2.1) lib/action_dispatch/middleware/debug_exceptions.rb:65:in `call'
web-console (3.7.0) lib/web_console/middleware.rb:135:in `call_app'
web-console (3.7.0) lib/web_console/middleware.rb:30:in `block in call'
web-console (3.7.0) lib/web_console/middleware.rb:20:in `catch'
web-console (3.7.0) lib/web_console/middleware.rb:20:in `call'
actionpack (5.2.1) lib/action_dispatch/middleware/show_exceptions.rb:33:in `call'
railties (5.2.1) lib/rails/rack/logger.rb:38:in `call_app'
railties (5.2.1) lib/rails/rack/logger.rb:26:in `block in call'
activesupport (5.2.1) lib/active_support/tagged_logging.rb:71:in `block in tagged'
activesupport (5.2.1) lib/active_support/tagged_logging.rb:28:in `tagged'
activesupport (5.2.1) lib/active_support/tagged_logging.rb:71:in `tagged'
railties (5.2.1) lib/rails/rack/logger.rb:26:in `call'
sprockets-rails (3.2.1) lib/sprockets/rails/quiet_assets.rb:13:in `call'
actionpack (5.2.1) lib/action_dispatch/middleware/remote_ip.rb:81:in `call'
actionpack (5.2.1) lib/action_dispatch/middleware/request_id.rb:27:in `call'
rack (2.0.5) lib/rack/method_override.rb:22:in `call'
rack (2.0.5) lib/rack/runtime.rb:22:in `call'
activesupport (5.2.1) lib/active_support/cache/strategy/local_cache_middleware.rb:29:in `call'
actionpack (5.2.1) lib/action_dispatch/middleware/executor.rb:14:in `call'
actionpack (5.2.1) lib/action_dispatch/middleware/static.rb:127:in `call'
rack (2.0.5) lib/rack/sendfile.rb:111:in `call'
railties (5.2.1) lib/rails/engine.rb:524:in `call'
puma (3.12.0) lib/puma/configuration.rb:225:in `call'
puma (3.12.0) lib/puma/server.rb:658:in `handle_request'
puma (3.12.0) lib/puma/server.rb:472:in `process_client'
puma (3.12.0) lib/puma/server.rb:332:in `block in run'
puma (3.12.0) lib/puma/thread_pool.rb:133:in `block in spawn_thread'
Started GET "/" for 127.0.0.1 at 2019-03-22 16:48:06 -0300
Processing by MainController#index as HTML
  Rendering main/index.html.erb within layouts/application
  Rendered main/index.html.erb within layouts/application (682.8ms)
Completed 500 Internal Server Error in 691ms (ActiveRecord: 0.0ms)


  
ActionView::Template::Error (undefined local variable or method `img' for #<#<Class:0x00007fab586ce250>:0x000055abc0ab2c98>):
    40: 			<!-- End Header Area -->
    41: 
    42: 			<!-- start banner Area -->
    43: 			<section class="banner-area relative" id="home" data-parallax="scroll" data-image-src="<%= asset_path img/header-bg.jpg %>">
    44: 				<div class="overlay-bg overlay"></div>
    45: 				<div class="container">
    46: 					<div class="row fullscreen">
  
app/views/main/index.html.erb:43:in `_app_views_main_index_html_erb__1682695475020379751_70186949834700'
Started GET "/" for 127.0.0.1 at 2019-03-22 16:48:10 -0300
Processing by MainController#index as HTML
  Rendering main/index.html.erb within layouts/application
  Rendered main/index.html.erb within layouts/application (309.7ms)
Completed 500 Internal Server Error in 321ms (ActiveRecord: 0.0ms)


  
ActionView::Template::Error (undefined local variable or method `img' for #<#<Class:0x00007fab586ce250>:0x00007fab594e45d8>):
    40: 			<!-- End Header Area -->
    41: 
    42: 			<!-- start banner Area -->
    43: 			<section class="banner-area relative" id="home" data-parallax="scroll" data-image-src="<%= asset_path img/header-bg.jpg %>">
    44: 				<div class="overlay-bg overlay"></div>
    45: 				<div class="container">
    46: 					<div class="row fullscreen">
  
app/views/main/index.html.erb:43:in `_app_views_main_index_html_erb__1682695475020379751_70186957221460'
Started GET "/" for 127.0.0.1 at 2019-03-22 16:48:41 -0300
Processing by MainController#index as HTML
  Rendering main/index.html.erb within layouts/application
  Rendered main/index.html.erb within layouts/application (475.6ms)
Completed 200 OK in 621ms (Views: 616.3ms | ActiveRecord: 0.0ms)


  [1m[35m (266.5ms)[0m  [1m[35mCREATE DATABASE "template_development" ENCODING = 'unicode'[0m
  ↳ bin/rails:9
  [1m[35m (265.9ms)[0m  [1m[35mCREATE DATABASE "template_test" ENCODING = 'unicode'[0m
  ↳ bin/rails:9
  [1m[35m (11.7ms)[0m  [1m[35mCREATE TABLE "schema_migrations" ("version" character varying NOT NULL PRIMARY KEY)[0m
  ↳ bin/rails:9
  [1m[35m (5.4ms)[0m  [1m[35mCREATE TABLE "ar_internal_metadata" ("key" character varying NOT NULL PRIMARY KEY, "value" character varying, "created_at" timestamp NOT NULL, "updated_at" timestamp NOT NULL)[0m
  ↳ bin/rails:9
  [1m[35m (0.2ms)[0m  [1m[34mSELECT pg_try_advisory_lock(6999985190184971670)[0m
  ↳ bin/rails:9
  [1m[35m (0.3ms)[0m  [1m[34mSELECT "schema_migrations"."version" FROM "schema_migrations" ORDER BY "schema_migrations"."version" ASC[0m
  ↳ bin/rails:9
  [1m[36mActiveRecord::InternalMetadata Load (0.2ms)[0m  [1m[34mSELECT  "ar_internal_metadata".* FROM "ar_internal_metadata" WHERE "ar_internal_metadata"."key" = $1 LIMIT $2[0m  [["key", "environment"], ["LIMIT", 1]]
  ↳ bin/rails:9
  [1m[35m (0.2ms)[0m  [1m[35mBEGIN[0m
  ↳ bin/rails:9
  [1m[36mActiveRecord::InternalMetadata Create (0.3ms)[0m  [1m[32mINSERT INTO "ar_internal_metadata" ("key", "value", "created_at", "updated_at") VALUES ($1, $2, $3, $4) RETURNING "key"[0m  [["key", "environment"], ["value", "development"], ["created_at", "2019-03-29 03:06:48.701258"], ["updated_at", "2019-03-29 03:06:48.701258"]]
  ↳ bin/rails:9
  [1m[35m (1.0ms)[0m  [1m[35mCOMMIT[0m
  ↳ bin/rails:9
  [1m[35m (0.1ms)[0m  [1m[34mSELECT pg_advisory_unlock(6999985190184971670)[0m
  ↳ bin/rails:9
  [1m[35m (0.1ms)[0m  [1m[34mSELECT "schema_migrations"."version" FROM "schema_migrations" ORDER BY "schema_migrations"."version" ASC[0m
  ↳ bin/rails:9
  [1m[35m (0.4ms)[0m  [1m[34mSELECT "schema_migrations"."version" FROM "schema_migrations" ORDER BY "schema_migrations"."version" ASC[0m
  ↳ bin/rails:9
  [1m[35m (0.5ms)[0m  [1m[34mSELECT "schema_migrations"."version" FROM "schema_migrations" ORDER BY "schema_migrations"."version" ASC[0m
  ↳ bin/rails:9
Started GET "/rails/info/routes" for 127.0.0.1 at 2019-03-29 00:07:08 -0300
Processing by Rails::InfoController#routes as HTML
  Rendering /home/icaro/.rvm/gems/ruby-2.5.1/gems/railties-5.2.1/lib/rails/templates/rails/info/routes.html.erb within layouts/application
  Rendered collection of /home/icaro/.rvm/gems/ruby-2.5.1/gems/actionpack-5.2.1/lib/action_dispatch/middleware/templates/routes/_route.html.erb [6 times] (3.5ms)
  Rendered /home/icaro/.rvm/gems/ruby-2.5.1/gems/actionpack-5.2.1/lib/action_dispatch/middleware/templates/routes/_table.html.erb (49.5ms)
  Rendered /home/icaro/.rvm/gems/ruby-2.5.1/gems/railties-5.2.1/lib/rails/templates/rails/info/routes.html.erb within layouts/application (64.7ms)
Completed 200 OK in 123ms (Views: 89.5ms | ActiveRecord: 0.0ms)


Started GET "/" for 127.0.0.1 at 2019-03-29 00:07:11 -0300
Processing by MainController#index as HTML
  Rendering main/index.html.erb within layouts/application
  Rendered main/index.html.erb within layouts/application (5714.4ms)
Completed 200 OK in 5970ms (Views: 5968.4ms | ActiveRecord: 0.0ms)


Started GET "/" for 127.0.0.1 at 2019-03-29 00:11:28 -0300
Processing by MainController#index as HTML
  Rendering main/index.html.erb within layouts/application
  Rendered main/index.html.erb within layouts/application (288.5ms)
Completed 200 OK in 390ms (Views: 385.7ms | ActiveRecord: 0.0ms)


